<?xml version="1.0" encoding="UTF-8"?>
<!-- Generated by org.testng.reporters.JUnitReportReporter -->
<testsuite hostname="DESKTOP-L7E7ROD" failures="0" tests="3" name="test.User_TC" time="193.851" errors="0" timestamp="2023-04-06T17:23:22 IST" skipped="0">
  <testcase classname="test.User_TC" name="checkOut" time="71.426"/>
  <system-out/>
  <testcase classname="test.User_TC" name="wishList" time="64.302"/>
  <system-out/>
  <testcase classname="test.User_TC" name="wishListToAddToCart" time="58.123"/>
  <system-out/>
</testsuite> <!-- test.User_TC -->
